<?xml version="1.0" encoding="UTF-8"?>
<testng-results ignored="0" total="1" passed="1" failed="0" skipped="0">
  <reporter-output>
  </reporter-output>
  <suite started-at="2021-04-11T20:44:43Z" name="Suite" finished-at="2021-04-11T20:45:02Z" duration-ms="18839">
    <groups>
    </groups>
    <test started-at="2021-04-11T20:44:43Z" name="Test" finished-at="2021-04-11T20:45:02Z" duration-ms="18839">
      <class name="com.company.ecomjavaproject.testcases.loginpagetest.LoginPageTest">
        <test-method is-config="true" signature="beforeTest()[pri:0, instance:com.company.ecomjavaproject.testcases.loginpagetest.LoginPageTest@6986852]" started-at="2021-04-12T02:14:43Z" name="beforeTest" finished-at="2021-04-12T02:14:43Z" duration-ms="22" status="PASS">
          <reporter-output>
          </reporter-output>
        </test-method> <!-- beforeTest -->
        <test-method is-config="true" signature="setup()[pri:0, instance:com.company.ecomjavaproject.testcases.loginpagetest.LoginPageTest@6986852]" started-at="2021-04-12T02:14:43Z" name="setup" finished-at="2021-04-12T02:14:54Z" duration-ms="10557" status="PASS">
          <reporter-output>
          </reporter-output>
        </test-method> <!-- setup -->
        <test-method is-config="true" signature="beforeMethod(java.lang.reflect.Method)[pri:0, instance:com.company.ecomjavaproject.testcases.loginpagetest.LoginPageTest@6986852]" started-at="2021-04-12T02:14:54Z" name="beforeMethod" finished-at="2021-04-12T02:14:54Z" duration-ms="8" status="PASS">
          <params>
            <param index="0">
              <value>
                <![CDATA[public void com.company.ecomjavaproject.testcases.loginpagetest.LoginPageTest.loginTest() throws java.lang.InterruptedException]]>
              </value>
            </param>
          </params>
          <reporter-output>
          </reporter-output>
        </test-method> <!-- beforeMethod -->
        <test-method signature="loginTest()[pri:0, instance:com.company.ecomjavaproject.testcases.loginpagetest.LoginPageTest@6986852]" started-at="2021-04-12T02:14:54Z" name="loginTest" description="Login test with guest1 and guest1 as UserName &amp; Password respectively" finished-at="2021-04-12T02:15:01Z" duration-ms="7249" status="PASS">
          <reporter-output>
          </reporter-output>
        </test-method> <!-- loginTest -->
        <test-method is-config="true" signature="afterMethod(java.lang.reflect.Method)[pri:0, instance:com.company.ecomjavaproject.testcases.loginpagetest.LoginPageTest@6986852]" started-at="2021-04-12T02:15:01Z" name="afterMethod" finished-at="2021-04-12T02:15:01Z" duration-ms="1" status="PASS">
          <params>
            <param index="0">
              <value>
                <![CDATA[public void com.company.ecomjavaproject.testcases.loginpagetest.LoginPageTest.loginTest() throws java.lang.InterruptedException]]>
              </value>
            </param>
          </params>
          <reporter-output>
          </reporter-output>
        </test-method> <!-- afterMethod -->
        <test-method is-config="true" signature="tearDown()[pri:0, instance:com.company.ecomjavaproject.testcases.loginpagetest.LoginPageTest@6986852]" started-at="2021-04-12T02:15:01Z" name="tearDown" finished-at="2021-04-12T02:15:02Z" duration-ms="805" status="PASS">
          <reporter-output>
          </reporter-output>
        </test-method> <!-- tearDown -->
      </class> <!-- com.company.ecomjavaproject.testcases.loginpagetest.LoginPageTest -->
    </test> <!-- Test -->
  </suite> <!-- Suite -->
</testng-results>
