<?xml version="1.0" encoding="UTF-8"?>
<testng-results ignored="0" total="1" passed="1" failed="0" skipped="0">
  <reporter-output>
  </reporter-output>
  <suite started-at="2021-04-11T20:41:55Z" name="Suite" finished-at="2021-04-11T20:42:11Z" duration-ms="16668">
    <groups>
    </groups>
    <test started-at="2021-04-11T20:41:55Z" name="Test" finished-at="2021-04-11T20:42:11Z" duration-ms="16668">
      <class name="com.company.ecomjavaproject.testcases.loginpagetest.LoginPageTest">
        <test-method is-config="true" signature="beforeTest()[pri:0, instance:com.company.ecomjavaproject.testcases.loginpagetest.LoginPageTest@5ddcc487]" started-at="2021-04-12T02:11:55Z" name="beforeTest" finished-at="2021-04-12T02:11:55Z" duration-ms="10" status="PASS">
          <reporter-output>
          </reporter-output>
        </test-method> <!-- beforeTest -->
        <test-method is-config="true" signature="setup()[pri:0, instance:com.company.ecomjavaproject.testcases.loginpagetest.LoginPageTest@5ddcc487]" started-at="2021-04-12T02:11:55Z" name="setup" finished-at="2021-04-12T02:12:03Z" duration-ms="8272" status="PASS">
          <reporter-output>
          </reporter-output>
        </test-method> <!-- setup -->
        <test-method is-config="true" signature="beforeMethod(java.lang.reflect.Method)[pri:0, instance:com.company.ecomjavaproject.testcases.loginpagetest.LoginPageTest@5ddcc487]" started-at="2021-04-12T02:12:03Z" name="beforeMethod" finished-at="2021-04-12T02:12:03Z" duration-ms="6" status="PASS">
          <params>
            <param index="0">
              <value>
                <![CDATA[public void com.company.ecomjavaproject.testcases.loginpagetest.LoginPageTest.loginTest() throws java.lang.InterruptedException]]>
              </value>
            </param>
          </params>
          <reporter-output>
          </reporter-output>
        </test-method> <!-- beforeMethod -->
        <test-method signature="loginTest()[pri:0, instance:com.company.ecomjavaproject.testcases.loginpagetest.LoginPageTest@5ddcc487]" started-at="2021-04-12T02:12:03Z" name="loginTest" description="Login test with guest1 and guest1 as UserName &amp; Password respectively" finished-at="2021-04-12T02:12:10Z" duration-ms="7384" status="PASS">
          <reporter-output>
          </reporter-output>
        </test-method> <!-- loginTest -->
        <test-method is-config="true" signature="afterMethod(java.lang.reflect.Method)[pri:0, instance:com.company.ecomjavaproject.testcases.loginpagetest.LoginPageTest@5ddcc487]" started-at="2021-04-12T02:12:10Z" name="afterMethod" finished-at="2021-04-12T02:12:10Z" duration-ms="0" status="PASS">
          <params>
            <param index="0">
              <value>
                <![CDATA[public void com.company.ecomjavaproject.testcases.loginpagetest.LoginPageTest.loginTest() throws java.lang.InterruptedException]]>
              </value>
            </param>
          </params>
          <reporter-output>
          </reporter-output>
        </test-method> <!-- afterMethod -->
        <test-method is-config="true" signature="tearDown()[pri:0, instance:com.company.ecomjavaproject.testcases.loginpagetest.LoginPageTest@5ddcc487]" started-at="2021-04-12T02:12:10Z" name="tearDown" finished-at="2021-04-12T02:12:11Z" duration-ms="828" status="PASS">
          <reporter-output>
          </reporter-output>
        </test-method> <!-- tearDown -->
      </class> <!-- com.company.ecomjavaproject.testcases.loginpagetest.LoginPageTest -->
    </test> <!-- Test -->
  </suite> <!-- Suite -->
</testng-results>
